<?xml version="1.0" encoding="UTF-8"?>
<!-- Generated by org.testng.reporters.JUnitReportReporter -->
<testsuite hostname="Spiderman" name="com.acxiom.tests.test2" tests="3" failures="0" timestamp="29 Feb 2016 02:30:13 GMT" time="7.370" errors="0">
  <testcase name="test2_2" time="0.000" classname="com.acxiom.tests.test2"/>
  <testcase name="test2_3" time="0.001" classname="com.acxiom.tests.test2"/>
  <testcase name="test2_1" time="7.369" classname="com.acxiom.tests.test2"/>
</testsuite> <!-- com.acxiom.tests.test2 -->
