<?xml version="1.0" encoding="UTF-8"?>
<!-- Generated by org.testng.reporters.JUnitReportReporter -->
<testsuite hostname="Spiderman" name="com.acxiom.tests.mysel" tests="1" failures="0" timestamp="6 Mar 2016 06:30:10 GMT" time="14.574" errors="0">
  <testcase name="hey" time="14.574" classname="com.acxiom.tests.mysel"/>
</testsuite> <!-- com.acxiom.tests.mysel -->
