<?xml version="1.0" encoding="UTF-8"?>
<!-- Generated by org.testng.reporters.JUnitReportReporter -->
<testsuite hostname="Spiderman" name="com.acxiom.tests.test1" tests="3" failures="0" timestamp="29 Feb 2016 02:30:13 GMT" time="5.776" errors="0">
  <testcase name="test1_2" time="0.000" classname="com.acxiom.tests.test1"/>
  <testcase name="test1_1" time="5.776" classname="com.acxiom.tests.test1"/>
  <testcase name="test1_3" time="0.000" classname="com.acxiom.tests.test1"/>
</testsuite> <!-- com.acxiom.tests.test1 -->
